[2020-07-05 13:21:27] production.ERROR: Please provide a valid cache path. {"exception":"[object] (InvalidArgumentException(code: 0): Please provide a valid cache path. at /home/maeh/ProjetoLab3D/vendor/laravel/framework/src/Illuminate/View/Compilers/Compiler.php:36)
[stacktrace]
#0 /home/maeh/ProjetoLab3D/vendor/laravel/framework/src/Illuminate/View/ViewServiceProvider.php(141): Illuminate\\View\\Compilers\\Compiler->__construct()
#1 /home/maeh/ProjetoLab3D/vendor/laravel/framework/src/Illuminate/Container/Container.php(800): Illuminate\\View\\ViewServiceProvider->Illuminate\\View\\{closure}()
#2 /home/maeh/ProjetoLab3D/vendor/laravel/framework/src/Illuminate/Container/Container.php(682): Illuminate\\Container\\Container->build()
#3 /home/maeh/ProjetoLab3D/vendor/laravel/framework/src/Illuminate/Container/Container.php(630): Illuminate\\Container\\Container->resolve()
#4 /home/maeh/ProjetoLab3D/vendor/laravel/framework/src/Illuminate/Foundation/Application.php(768): Illuminate\\Container\\Container->make()
#5 /home/maeh/ProjetoLab3D/vendor/laravel/framework/src/Illuminate/Container/Container.php(1246): Illuminate\\Foundation\\Application->make()
#6 /home/maeh/ProjetoLab3D/vendor/laravel/framework/src/Illuminate/View/ViewServiceProvider.php(146): Illuminate\\Container\\Container->offsetGet()
#7 [internal function]: Illuminate\\View\\ViewServiceProvider->Illuminate\\View\\{closure}()
#8 /home/maeh/ProjetoLab3D/vendor/laravel/framework/src/Illuminate/View/Engines/EngineResolver.php(55): call_user_func()
#9 /home/maeh/ProjetoLab3D/vendor/facade/ignition/src/IgnitionServiceProvider.php(327): Illuminate\\View\\Engines\\EngineResolver->resolve()
#10 /home/maeh/ProjetoLab3D/vendor/facade/ignition/src/IgnitionServiceProvider.php(108): Facade\\Ignition\\IgnitionServiceProvider->hasCustomViewEnginesRegistered()
#11 /home/maeh/ProjetoLab3D/vendor/facade/ignition/src/IgnitionServiceProvider.php(74): Facade\\Ignition\\IgnitionServiceProvider->registerViewEngines()
#12 [internal function]: Facade\\Ignition\\IgnitionServiceProvider->boot()
#13 /home/maeh/ProjetoLab3D/vendor/laravel/framework/src/Illuminate/Container/BoundMethod.php(32): call_user_func_array()
#14 /home/maeh/ProjetoLab3D/vendor/laravel/framework/src/Illuminate/Support/helpers.php(522): Illuminate\\Container\\BoundMethod::Illuminate\\Container\\{closure}()
#15 /home/maeh/ProjetoLab3D/vendor/laravel/framework/src/Illuminate/Container/BoundMethod.php(90): value()
#16 /home/maeh/ProjetoLab3D/vendor/laravel/framework/src/Illuminate/Container/BoundMethod.php(34): Illuminate\\Container\\BoundMethod::callBoundMethod()
#17 /home/maeh/ProjetoLab3D/vendor/laravel/framework/src/Illuminate/Container/Container.php(591): Illuminate\\Container\\BoundMethod::call()
#18 /home/maeh/ProjetoLab3D/vendor/laravel/framework/src/Illuminate/Foundation/Application.php(828): Illuminate\\Container\\Container->call()
#19 /home/maeh/ProjetoLab3D/vendor/laravel/framework/src/Illuminate/Foundation/Application.php(811): Illuminate\\Foundation\\Application->bootProvider()
#20 [internal function]: Illuminate\\Foundation\\Application->Illuminate\\Foundation\\{closure}()
#21 /home/maeh/ProjetoLab3D/vendor/laravel/framework/src/Illuminate/Foundation/Application.php(812): array_walk()
#22 /home/maeh/ProjetoLab3D/vendor/laravel/framework/src/Illuminate/Foundation/Bootstrap/BootProviders.php(17): Illuminate\\Foundation\\Application->boot()
#23 /home/maeh/ProjetoLab3D/vendor/laravel/framework/src/Illuminate/Foundation/Application.php(211): Illuminate\\Foundation\\Bootstrap\\BootProviders->bootstrap()
#24 /home/maeh/ProjetoLab3D/vendor/laravel/framework/src/Illuminate/Foundation/Console/Kernel.php(320): Illuminate\\Foundation\\Application->bootstrapWith()
#25 /home/maeh/ProjetoLab3D/vendor/laravel/framework/src/Illuminate/Foundation/Console/Kernel.php(129): Illuminate\\Foundation\\Console\\Kernel->bootstrap()
#26 /home/maeh/ProjetoLab3D/artisan(37): Illuminate\\Foundation\\Console\\Kernel->handle()
#27 {main}
"} 
[2020-07-05 13:33:49] production.ERROR: Please provide a valid cache path. {"exception":"[object] (InvalidArgumentException(code: 0): Please provide a valid cache path. at /home/maeh/ProjetoLab3D/vendor/laravel/framework/src/Illuminate/View/Compilers/Compiler.php:36)
[stacktrace]
#0 /home/maeh/ProjetoLab3D/vendor/laravel/framework/src/Illuminate/View/ViewServiceProvider.php(92): Illuminate\\View\\Compilers\\Compiler->__construct()
#1 /home/maeh/ProjetoLab3D/vendor/laravel/framework/src/Illuminate/Container/Container.php(799): Illuminate\\View\\ViewServiceProvider->Illuminate\\View\\{closure}()
#2 /home/maeh/ProjetoLab3D/vendor/laravel/framework/src/Illuminate/Container/Container.php(681): Illuminate\\Container\\Container->build()
#3 /home/maeh/ProjetoLab3D/vendor/laravel/framework/src/Illuminate/Foundation/Application.php(785): Illuminate\\Container\\Container->resolve()
#4 /home/maeh/ProjetoLab3D/vendor/laravel/framework/src/Illuminate/Container/Container.php(629): Illuminate\\Foundation\\Application->resolve()
#5 /home/maeh/ProjetoLab3D/vendor/laravel/framework/src/Illuminate/Foundation/Application.php(770): Illuminate\\Container\\Container->make()
#6 /home/maeh/ProjetoLab3D/vendor/laravel/framework/src/Illuminate/Container/Container.php(1245): Illuminate\\Foundation\\Application->make()
#7 /home/maeh/ProjetoLab3D/vendor/laravel/framework/src/Illuminate/View/ViewServiceProvider.php(153): Illuminate\\Container\\Container->offsetGet()
#8 [internal function]: Illuminate\\View\\ViewServiceProvider->Illuminate\\View\\{closure}()
#9 /home/maeh/ProjetoLab3D/vendor/laravel/framework/src/Illuminate/View/Engines/EngineResolver.php(55): call_user_func()
#10 /home/maeh/ProjetoLab3D/vendor/facade/ignition/src/IgnitionServiceProvider.php(378): Illuminate\\View\\Engines\\EngineResolver->resolve()
#11 /home/maeh/ProjetoLab3D/vendor/facade/ignition/src/IgnitionServiceProvider.php(117): Facade\\Ignition\\IgnitionServiceProvider->hasCustomViewEnginesRegistered()
#12 /home/maeh/ProjetoLab3D/vendor/facade/ignition/src/IgnitionServiceProvider.php(79): Facade\\Ignition\\IgnitionServiceProvider->registerViewEngines()
#13 [internal function]: Facade\\Ignition\\IgnitionServiceProvider->boot()
#14 /home/maeh/ProjetoLab3D/vendor/laravel/framework/src/Illuminate/Container/BoundMethod.php(32): call_user_func_array()
#15 /home/maeh/ProjetoLab3D/vendor/laravel/framework/src/Illuminate/Container/Util.php(37): Illuminate\\Container\\BoundMethod::Illuminate\\Container\\{closure}()
#16 /home/maeh/ProjetoLab3D/vendor/laravel/framework/src/Illuminate/Container/BoundMethod.php(90): Illuminate\\Container\\Util::unwrapIfClosure()
#17 /home/maeh/ProjetoLab3D/vendor/laravel/framework/src/Illuminate/Container/BoundMethod.php(34): Illuminate\\Container\\BoundMethod::callBoundMethod()
#18 /home/maeh/ProjetoLab3D/vendor/laravel/framework/src/Illuminate/Container/Container.php(590): Illuminate\\Container\\BoundMethod::call()
#19 /home/maeh/ProjetoLab3D/vendor/laravel/framework/src/Illuminate/Foundation/Application.php(856): Illuminate\\Container\\Container->call()
#20 /home/maeh/ProjetoLab3D/vendor/laravel/framework/src/Illuminate/Foundation/Application.php(839): Illuminate\\Foundation\\Application->bootProvider()
#21 [internal function]: Illuminate\\Foundation\\Application->Illuminate\\Foundation\\{closure}()
#22 /home/maeh/ProjetoLab3D/vendor/laravel/framework/src/Illuminate/Foundation/Application.php(840): array_walk()
#23 /home/maeh/ProjetoLab3D/vendor/laravel/framework/src/Illuminate/Foundation/Bootstrap/BootProviders.php(17): Illuminate\\Foundation\\Application->boot()
#24 /home/maeh/ProjetoLab3D/vendor/laravel/framework/src/Illuminate/Foundation/Application.php(219): Illuminate\\Foundation\\Bootstrap\\BootProviders->bootstrap()
#25 /home/maeh/ProjetoLab3D/vendor/laravel/framework/src/Illuminate/Foundation/Console/Kernel.php(320): Illuminate\\Foundation\\Application->bootstrapWith()
#26 /home/maeh/ProjetoLab3D/vendor/laravel/framework/src/Illuminate/Foundation/Console/Kernel.php(129): Illuminate\\Foundation\\Console\\Kernel->bootstrap()
#27 /home/maeh/ProjetoLab3D/artisan(37): Illuminate\\Foundation\\Console\\Kernel->handle()
#28 {main}
"} 
[2020-07-05 13:34:45] production.ERROR: Please provide a valid cache path. {"exception":"[object] (InvalidArgumentException(code: 0): Please provide a valid cache path. at /home/maeh/ProjetoLab3D/vendor/laravel/framework/src/Illuminate/View/Compilers/Compiler.php:36)
[stacktrace]
#0 /home/maeh/ProjetoLab3D/vendor/laravel/framework/src/Illuminate/View/ViewServiceProvider.php(92): Illuminate\\View\\Compilers\\Compiler->__construct()
#1 /home/maeh/ProjetoLab3D/vendor/laravel/framework/src/Illuminate/Container/Container.php(799): Illuminate\\View\\ViewServiceProvider->Illuminate\\View\\{closure}()
#2 /home/maeh/ProjetoLab3D/vendor/laravel/framework/src/Illuminate/Container/Container.php(681): Illuminate\\Container\\Container->build()
#3 /home/maeh/ProjetoLab3D/vendor/laravel/framework/src/Illuminate/Foundation/Application.php(785): Illuminate\\Container\\Container->resolve()
#4 /home/maeh/ProjetoLab3D/vendor/laravel/framework/src/Illuminate/Container/Container.php(629): Illuminate\\Foundation\\Application->resolve()
#5 /home/maeh/ProjetoLab3D/vendor/laravel/framework/src/Illuminate/Foundation/Application.php(770): Illuminate\\Container\\Container->make()
#6 /home/maeh/ProjetoLab3D/vendor/laravel/framework/src/Illuminate/Container/Container.php(1245): Illuminate\\Foundation\\Application->make()
#7 /home/maeh/ProjetoLab3D/vendor/laravel/framework/src/Illuminate/View/ViewServiceProvider.php(153): Illuminate\\Container\\Container->offsetGet()
#8 [internal function]: Illuminate\\View\\ViewServiceProvider->Illuminate\\View\\{closure}()
#9 /home/maeh/ProjetoLab3D/vendor/laravel/framework/src/Illuminate/View/Engines/EngineResolver.php(55): call_user_func()
#10 /home/maeh/ProjetoLab3D/vendor/facade/ignition/src/IgnitionServiceProvider.php(378): Illuminate\\View\\Engines\\EngineResolver->resolve()
#11 /home/maeh/ProjetoLab3D/vendor/facade/ignition/src/IgnitionServiceProvider.php(117): Facade\\Ignition\\IgnitionServiceProvider->hasCustomViewEnginesRegistered()
#12 /home/maeh/ProjetoLab3D/vendor/facade/ignition/src/IgnitionServiceProvider.php(79): Facade\\Ignition\\IgnitionServiceProvider->registerViewEngines()
#13 [internal function]: Facade\\Ignition\\IgnitionServiceProvider->boot()
#14 /home/maeh/ProjetoLab3D/vendor/laravel/framework/src/Illuminate/Container/BoundMethod.php(32): call_user_func_array()
#15 /home/maeh/ProjetoLab3D/vendor/laravel/framework/src/Illuminate/Container/Util.php(37): Illuminate\\Container\\BoundMethod::Illuminate\\Container\\{closure}()
#16 /home/maeh/ProjetoLab3D/vendor/laravel/framework/src/Illuminate/Container/BoundMethod.php(90): Illuminate\\Container\\Util::unwrapIfClosure()
#17 /home/maeh/ProjetoLab3D/vendor/laravel/framework/src/Illuminate/Container/BoundMethod.php(34): Illuminate\\Container\\BoundMethod::callBoundMethod()
#18 /home/maeh/ProjetoLab3D/vendor/laravel/framework/src/Illuminate/Container/Container.php(590): Illuminate\\Container\\BoundMethod::call()
#19 /home/maeh/ProjetoLab3D/vendor/laravel/framework/src/Illuminate/Foundation/Application.php(856): Illuminate\\Container\\Container->call()
#20 /home/maeh/ProjetoLab3D/vendor/laravel/framework/src/Illuminate/Foundation/Application.php(839): Illuminate\\Foundation\\Application->bootProvider()
#21 [internal function]: Illuminate\\Foundation\\Application->Illuminate\\Foundation\\{closure}()
#22 /home/maeh/ProjetoLab3D/vendor/laravel/framework/src/Illuminate/Foundation/Application.php(840): array_walk()
#23 /home/maeh/ProjetoLab3D/vendor/laravel/framework/src/Illuminate/Foundation/Bootstrap/BootProviders.php(17): Illuminate\\Foundation\\Application->boot()
#24 /home/maeh/ProjetoLab3D/vendor/laravel/framework/src/Illuminate/Foundation/Application.php(219): Illuminate\\Foundation\\Bootstrap\\BootProviders->bootstrap()
#25 /home/maeh/ProjetoLab3D/vendor/laravel/framework/src/Illuminate/Foundation/Console/Kernel.php(320): Illuminate\\Foundation\\Application->bootstrapWith()
#26 /home/maeh/ProjetoLab3D/vendor/laravel/framework/src/Illuminate/Foundation/Console/Kernel.php(129): Illuminate\\Foundation\\Console\\Kernel->bootstrap()
#27 /home/maeh/ProjetoLab3D/artisan(37): Illuminate\\Foundation\\Console\\Kernel->handle()
#28 {main}
"} 
